-------------------------------------------------------------------------------
Test set: me.mvcRest.services.CategoryServiceTest
-------------------------------------------------------------------------------
Tests run: 2, Failures: 0, Errors: 1, Skipped: 0, Time elapsed: 0.275 s <<< FAILURE! -- in me.mvcRest.services.CategoryServiceTest
me.mvcRest.services.CategoryServiceTest.getAllCategories -- Time elapsed: 0.272 s <<< ERROR!
java.lang.NullPointerException: Cannot invoke "me.mvcRest.repositories.CategoryRepository.findAll()" because "this.categoryRepository" is null
	at me.mvcRest.services.CategoryServiceTest.getAllCategories(CategoryServiceTest.java:41)

